<?xml version='1.0'?>
<ns2:test-suite xmlns:ns2='urn:model.allure.qatools.yandex.ru' start='1577385181107' stop='1577385225906'>
    <name>Browser</name>
    <title>Browser</title>
    <test-cases>
        <test-case start='1577385181108' status='failed' stop='1577385222994'>
            <name>Tab title</name>
            <title>Tab title</title>
            <labels>
                <label name='language' value='javascript'/>
                <label name='framework' value='wdio'/>
                <label name='thread' value='0-0'/>
            </labels>
            <parameters>
                <parameter kind='argument' name='browser' value='chrome-79.0.3945.88'/>
            </parameters>
            <steps>
                <step start='1577385181113' status='passed' stop='1577385220527'>
                    <name>POST /session/:sessionId/url</name>
                    <title>POST /session/:sessionId/url</title>
                    <attachments>
                        <attachment title='Request' source='bf6e4dfb-763f-4945-8ca5-774bdaff95a1-attachment.json' type='application/json' size='44'/>
                    </attachments>
                    <steps/>
                </step>
                <step start='1577385220527' status='passed' stop='1577385220538'>
                    <name>GET /session/:sessionId/title</name>
                    <title>GET /session/:sessionId/title</title>
                    <attachments>
                        <attachment title='Response' source='6e517c91-e781-440c-b3b9-b63976777a98-attachment.json' type='application/json' size='25'/>
                    </attachments>
                    <steps/>
                </step>
                <step start='1577385222551' status='passed' stop='1577385222993'>
                    <name>GET /session/:sessionId/screenshot</name>
                    <title>GET /session/:sessionId/screenshot</title>
                    <attachments>
                        <attachment title='Screenshot' source='44daae44-e9d3-4080-8b3b-a7c54ed068bd-attachment.png' type='image/png' size='32329'/>
                    </attachments>
                    <steps/>
                </step>
            </steps>
            <attachments/>
            <failure>
                <message>'Intellectual Games Club' == 'Bug Tracker'</message>
                <stack-trace>AssertionError [ERR_ASSERTION]: 'Intellectual Games Club' == 'Bug Tracker'
                    at Context.&lt;anonymous> (/Users/dmitrypakhilov/projects/test_homework/test/specs/browser.js:9:14)</stack-trace>
            </failure>
        </test-case>
        <test-case start='1577385222995' status='failed' stop='1577385225902'>
            <name>Header is displayed</name>
            <title>Header is displayed</title>
            <labels>
                <label name='language' value='javascript'/>
                <label name='framework' value='wdio'/>
                <label name='thread' value='0-0'/>
            </labels>
            <parameters>
                <parameter kind='argument' name='browser' value='chrome-79.0.3945.88'/>
            </parameters>
            <steps>
                <step start='1577385222997' status='passed' stop='1577385223465'>
                    <name>POST /session/:sessionId/url</name>
                    <title>POST /session/:sessionId/url</title>
                    <attachments>
                        <attachment title='Request' source='45745bd9-d8d0-43f8-a003-58635677f170-attachment.json' type='application/json' size='38'/>
                    </attachments>
                    <steps/>
                </step>
                <step start='1577385223465' status='passed' stop='1577385223475'>
                    <name>GET /session/:sessionId/title</name>
                    <title>GET /session/:sessionId/title</title>
                    <attachments>
                        <attachment title='Response' source='c45913b6-11cc-4e40-a1ba-bf3a894d9ef3-attachment.json' type='application/json' size='25'/>
                    </attachments>
                    <steps/>
                </step>
                <step start='1577385225482' status='passed' stop='1577385225902'>
                    <name>GET /session/:sessionId/screenshot</name>
                    <title>GET /session/:sessionId/screenshot</title>
                    <attachments>
                        <attachment title='Screenshot' source='512ce877-18cb-43fd-afac-819356eac497-attachment.png' type='image/png' size='33507'/>
                    </attachments>
                    <steps/>
                </step>
            </steps>
            <attachments/>
            <failure>
                <message>'Intellectual Games Club' == 'Bug Tracker'</message>
                <stack-trace>AssertionError [ERR_ASSERTION]: 'Intellectual Games Club' == 'Bug Tracker'
                    at Context.&lt;anonymous> (/Users/dmitrypakhilov/projects/test_homework/test/specs/browser.js:16:14)</stack-trace>
            </failure>
        </test-case>
        <test-case start='1577385225903' status='passed' stop='1577385225904'>
            <name>App/pages container is displayed</name>
            <title>App/pages container is displayed</title>
            <labels>
                <label name='language' value='javascript'/>
                <label name='framework' value='wdio'/>
                <label name='thread' value='0-0'/>
            </labels>
            <parameters>
                <parameter kind='argument' name='browser' value='chrome-79.0.3945.88'/>
            </parameters>
            <steps/>
            <attachments/>
        </test-case>
        <test-case start='1577385225904' status='passed' stop='1577385225905'>
            <name>Footer is displayed</name>
            <title>Footer is displayed</title>
            <labels>
                <label name='language' value='javascript'/>
                <label name='framework' value='wdio'/>
                <label name='thread' value='0-0'/>
            </labels>
            <parameters>
                <parameter kind='argument' name='browser' value='chrome-79.0.3945.88'/>
            </parameters>
            <steps/>
            <attachments/>
        </test-case>
    </test-cases>
</ns2:test-suite>